<?xml version="1.0" encoding="UTF-8"?>
<testng-results ignored="0" total="1" passed="1" failed="0" skipped="0">
  <reporter-output>
  </reporter-output>
  <suite started-at="2023-05-08T16:52:40 IST" name="Default suite" finished-at="2023-05-08T16:52:56 IST" duration-ms="15333">
    <groups>
    </groups>
    <test started-at="2023-05-08T16:52:40 IST" name="Default test" finished-at="2023-05-08T16:52:56 IST" duration-ms="15333">
      <class name="mavenpractice.Parameters">
        <test-method signature="m1()[pri:0, instance:mavenpractice.Parameters@4facf68f]" started-at="2023-05-08T16:52:40 IST" name="m1" finished-at="2023-05-08T16:52:56 IST" duration-ms="15271" status="PASS">
          <reporter-output>
          </reporter-output>
        </test-method> <!-- m1 -->
      </class> <!-- mavenpractice.Parameters -->
    </test> <!-- Default test -->
  </suite> <!-- Default suite -->
</testng-results>
